{
"contracts\\AssetMatcher.sol":{"l":{"14":27,"15":27,"16":27,"17":27,"19":27,"20":4,"21":2,"23":2,"26":23,"27":22,"28":21,"30":1,"33":1},"path":"D:\\__Work\\Solidity\\_Project_20220920\\contracts\\AssetMatcher.sol","s":{"1":27,"2":27,"3":27,"4":27,"5":27,"6":4,"7":2,"8":2,"9":23,"10":22,"11":21,"12":1,"13":1},"b":{"1":[4,23],"2":[2,2],"3":[22,1],"4":[21,1]},"f":{"1":27},"fnMap":{"1":{"name":"matchAssets","line":8,"loc":{"start":{"line":8,"column":4},"end":{"line":37,"column":4}}}},"statementMap":{"1":{"start":{"line":14,"column":8},"end":{"line":14,"column":42}},"2":{"start":{"line":15,"column":8},"end":{"line":15,"column":44}},"3":{"start":{"line":16,"column":8},"end":{"line":16,"column":60}},"4":{"start":{"line":17,"column":8},"end":{"line":17,"column":62}},"5":{"start":{"line":19,"column":8},"end":{"line":19,"column":586}},"6":{"start":{"line":20,"column":12},"end":{"line":20,"column":641}},"7":{"start":{"line":21,"column":16},"end":{"line":21,"column":36}},"8":{"start":{"line":23,"column":16},"end":{"line":23,"column":50}},"9":{"start":{"line":26,"column":12},"end":{"line":26,"column":840}},"10":{"start":{"line":27,"column":16},"end":{"line":27,"column":889}},"11":{"start":{"line":28,"column":20},"end":{"line":28,"column":40}},"12":{"start":{"line":30,"column":20},"end":{"line":30,"column":54}},"13":{"start":{"line":33,"column":16},"end":{"line":33,"column":50}}},"branchMap":{"1":{"line":19,"type":"if","locations":[{"start":{"line":19,"column":8},"end":{"line":19,"column":8}},{"start":{"line":19,"column":8},"end":{"line":19,"column":8}}]},"2":{"line":20,"type":"if","locations":[{"start":{"line":20,"column":12},"end":{"line":20,"column":12}},{"start":{"line":20,"column":12},"end":{"line":20,"column":12}}]},"3":{"line":26,"type":"if","locations":[{"start":{"line":26,"column":12},"end":{"line":26,"column":12}},{"start":{"line":26,"column":12},"end":{"line":26,"column":12}}]},"4":{"line":27,"type":"if","locations":[{"start":{"line":27,"column":16},"end":{"line":27,"column":16}},{"start":{"line":27,"column":16},"end":{"line":27,"column":16}}]}}},
"contracts\\ERC20TransferProxy.sol":{"l":{"11":5},"path":"D:\\__Work\\Solidity\\_Project_20220920\\contracts\\ERC20TransferProxy.sol","s":{"1":5},"b":{},"f":{"1":5},"fnMap":{"1":{"name":"erc20safeTransferFrom","line":10,"loc":{"start":{"line":10,"column":4},"end":{"line":12,"column":4}}}},"statementMap":{"1":{"start":{"line":11,"column":8},"end":{"line":11,"column":62}}},"branchMap":{}},
"contracts\\ExchangeV2Core.sol":{"l":{"32":3,"36":3,"37":2,"39":1,"40":1,"42":1,"59":19,"61":12,"77":19,"85":18,"89":17,"93":16,"94":12,"107":14,"109":10,"116":8,"122":7,"123":7,"135":30,"136":28,"148":14,"152":14,"153":13,"157":13,"164":7,"165":7,"167":7,"168":7,"180":7,"181":6,"189":13,"190":2,"191":1,"193":5,"194":5,"196":4,"200":4,"201":3,"203":2,"207":2,"215":11,"222":1,"226":1,"241":1,"256":1,"258":1,"265":1,"269":1,"284":1,"299":1,"301":1,"309":2,"310":2,"311":1,"313":1,"314":1,"316":2},"path":"D:\\__Work\\Solidity\\_Project_20220920\\contracts\\ExchangeV2Core.sol","s":{"1":3,"2":3,"3":2,"4":1,"5":1,"6":1,"7":19,"8":12,"9":19,"10":18,"11":17,"12":16,"13":12,"14":14,"15":10,"16":8,"17":7,"18":7,"19":30,"20":28,"21":14,"22":14,"23":13,"24":13,"25":7,"26":7,"27":7,"28":7,"29":7,"30":6,"31":13,"32":2,"33":1,"34":11,"35":5,"36":5,"37":6,"38":4,"39":4,"40":3,"41":2,"42":2,"43":2,"44":11,"45":1,"46":1,"47":1,"48":1,"49":1,"50":1,"51":1,"52":1,"53":1,"54":1,"55":2,"56":2,"57":1,"58":1,"59":1,"60":2},"b":{"1":[2,1],"2":[1,1],"3":[18,1],"4":[17,1],"5":[16,1],"6":[8,2],"7":[7,1],"8":[13,1],"9":[10,3],"10":[2,11],"11":[1,1],"12":[5,6],"13":[4,2],"14":[3,1],"15":[2,0],"16":[1,1]},"f":{"1":3,"2":3,"3":19,"4":19,"5":14,"6":30,"7":14,"8":7,"9":7,"10":13,"11":1,"12":1,"13":2},"fnMap":{"1":{"name":"initialize","line":31,"loc":{"start":{"line":31,"column":4},"end":{"line":33,"column":4}}},"2":{"name":"cancel","line":35,"loc":{"start":{"line":35,"column":4},"end":{"line":43,"column":4}}},"3":{"name":"matchOrders","line":52,"loc":{"start":{"line":52,"column":4},"end":{"line":62,"column":4}}},"4":{"name":"validateOrders","line":71,"loc":{"start":{"line":71,"column":4},"end":{"line":95,"column":4}}},"5":{"name":"matchAndTransfer","line":102,"loc":{"start":{"line":102,"column":4},"end":{"line":124,"column":4}}},"6":{"name":"validateOrder","line":131,"loc":{"start":{"line":131,"column":4},"end":{"line":137,"column":4}}},"7":{"name":"matchAssets","line":144,"loc":{"start":{"line":144,"column":4},"end":{"line":158,"column":4}}},"8":{"name":"setFillEmitMatch","line":160,"loc":{"start":{"line":160,"column":4},"end":{"line":169,"column":4}}},"9":{"name":"doTransfers","line":176,"loc":{"start":{"line":176,"column":4},"end":{"line":182,"column":4}}},"10":{"name":"doTransfer","line":184,"loc":{"start":{"line":184,"column":4},"end":{"line":216,"column":4}}},"11":{"name":"directPurchase","line":218,"loc":{"start":{"line":218,"column":4},"end":{"line":259,"column":4}}},"12":{"name":"directAcceptBid","line":261,"loc":{"start":{"line":261,"column":4},"end":{"line":302,"column":4}}},"13":{"name":"getPaymentAssetType","line":304,"loc":{"start":{"line":304,"column":4},"end":{"line":317,"column":4}}}},"statementMap":{"1":{"start":{"line":32,"column":8},"end":{"line":32,"column":30}},"2":{"start":{"line":36,"column":8},"end":{"line":36,"column":56}},"3":{"start":{"line":37,"column":8},"end":{"line":37,"column":45}},"4":{"start":{"line":39,"column":8},"end":{"line":39,"column":62}},"5":{"start":{"line":40,"column":8},"end":{"line":40,"column":37}},"6":{"start":{"line":42,"column":8},"end":{"line":42,"column":30}},"7":{"start":{"line":59,"column":8},"end":{"line":59,"column":75}},"8":{"start":{"line":61,"column":8},"end":{"line":61,"column":46}},"9":{"start":{"line":77,"column":8},"end":{"line":77,"column":2343}},"10":{"start":{"line":85,"column":8},"end":{"line":85,"column":2606}},"11":{"start":{"line":89,"column":8},"end":{"line":89,"column":2748}},"12":{"start":{"line":93,"column":8},"end":{"line":93,"column":46}},"13":{"start":{"line":94,"column":8},"end":{"line":94,"column":48}},"14":{"start":{"line":107,"column":8},"end":{"line":107,"column":41}},"15":{"start":{"line":109,"column":8},"end":{"line":109,"column":3448}},"16":{"start":{"line":116,"column":8},"end":{"line":116,"column":3706}},"17":{"start":{"line":122,"column":8},"end":{"line":122,"column":46}},"18":{"start":{"line":123,"column":8},"end":{"line":123,"column":41}},"19":{"start":{"line":135,"column":8},"end":{"line":135,"column":40}},"20":{"start":{"line":136,"column":8},"end":{"line":136,"column":33}},"21":{"start":{"line":148,"column":8},"end":{"line":148,"column":4703}},"22":{"start":{"line":152,"column":8},"end":{"line":152,"column":55}},"23":{"start":{"line":153,"column":8},"end":{"line":153,"column":4924}},"24":{"start":{"line":157,"column":8},"end":{"line":157,"column":55}},"25":{"start":{"line":164,"column":8},"end":{"line":164,"column":70}},"26":{"start":{"line":165,"column":8},"end":{"line":165,"column":72}},"27":{"start":{"line":167,"column":8},"end":{"line":167,"column":56}},"28":{"start":{"line":168,"column":8},"end":{"line":168,"column":58}},"29":{"start":{"line":180,"column":8},"end":{"line":180,"column":73}},"30":{"start":{"line":181,"column":8},"end":{"line":181,"column":74}},"31":{"start":{"line":189,"column":8},"end":{"line":189,"column":6163}},"32":{"start":{"line":190,"column":12},"end":{"line":190,"column":66}},"33":{"start":{"line":191,"column":12},"end":{"line":191,"column":45}},"34":{"start":{"line":192,"column":15},"end":{"line":192,"column":6347}},"35":{"start":{"line":193,"column":12},"end":{"line":193,"column":71}},"36":{"start":{"line":194,"column":12},"end":{"line":194,"column":82}},"37":{"start":{"line":195,"column":15},"end":{"line":195,"column":6574}},"38":{"start":{"line":196,"column":12},"end":{"line":196,"column":6644}},"39":{"start":{"line":200,"column":12},"end":{"line":200,"column":60}},"40":{"start":{"line":201,"column":12},"end":{"line":201,"column":79}},"41":{"start":{"line":202,"column":15},"end":{"line":202,"column":6940}},"42":{"start":{"line":203,"column":12},"end":{"line":203,"column":7011}},"43":{"start":{"line":207,"column":12},"end":{"line":207,"column":7161}},"44":{"start":{"line":215,"column":8},"end":{"line":215,"column":38}},"45":{"start":{"line":222,"column":8},"end":{"line":222,"column":7522}},"46":{"start":{"line":226,"column":8},"end":{"line":226,"column":7646}},"47":{"start":{"line":241,"column":8},"end":{"line":241,"column":8209}},"48":{"start":{"line":256,"column":8},"end":{"line":256,"column":58}},"49":{"start":{"line":258,"column":8},"end":{"line":258,"column":44}},"50":{"start":{"line":265,"column":8},"end":{"line":265,"column":8933}},"51":{"start":{"line":269,"column":8},"end":{"line":269,"column":9057}},"52":{"start":{"line":284,"column":8},"end":{"line":284,"column":9571}},"53":{"start":{"line":299,"column":8},"end":{"line":299,"column":51}},"54":{"start":{"line":301,"column":8},"end":{"line":301,"column":44}},"55":{"start":{"line":309,"column":8},"end":{"line":309,"column":42}},"56":{"start":{"line":310,"column":8},"end":{"line":310,"column":10355}},"57":{"start":{"line":311,"column":12},"end":{"line":311,"column":42}},"58":{"start":{"line":313,"column":12},"end":{"line":313,"column":44}},"59":{"start":{"line":314,"column":12},"end":{"line":314,"column":42}},"60":{"start":{"line":316,"column":8},"end":{"line":316,"column":21}}},"branchMap":{"1":{"line":36,"type":"if","locations":[{"start":{"line":36,"column":8},"end":{"line":36,"column":8}},{"start":{"line":36,"column":8},"end":{"line":36,"column":8}}]},"2":{"line":37,"type":"if","locations":[{"start":{"line":37,"column":8},"end":{"line":37,"column":8}},{"start":{"line":37,"column":8},"end":{"line":37,"column":8}}]},"3":{"line":77,"type":"if","locations":[{"start":{"line":77,"column":8},"end":{"line":77,"column":8}},{"start":{"line":77,"column":8},"end":{"line":77,"column":8}}]},"4":{"line":85,"type":"if","locations":[{"start":{"line":85,"column":8},"end":{"line":85,"column":8}},{"start":{"line":85,"column":8},"end":{"line":85,"column":8}}]},"5":{"line":89,"type":"if","locations":[{"start":{"line":89,"column":8},"end":{"line":89,"column":8}},{"start":{"line":89,"column":8},"end":{"line":89,"column":8}}]},"6":{"line":109,"type":"if","locations":[{"start":{"line":109,"column":8},"end":{"line":109,"column":8}},{"start":{"line":109,"column":8},"end":{"line":109,"column":8}}]},"7":{"line":116,"type":"if","locations":[{"start":{"line":116,"column":8},"end":{"line":116,"column":8}},{"start":{"line":116,"column":8},"end":{"line":116,"column":8}}]},"8":{"line":152,"type":"if","locations":[{"start":{"line":152,"column":8},"end":{"line":152,"column":8}},{"start":{"line":152,"column":8},"end":{"line":152,"column":8}}]},"9":{"line":157,"type":"if","locations":[{"start":{"line":157,"column":8},"end":{"line":157,"column":8}},{"start":{"line":157,"column":8},"end":{"line":157,"column":8}}]},"10":{"line":189,"type":"if","locations":[{"start":{"line":189,"column":8},"end":{"line":189,"column":8}},{"start":{"line":189,"column":8},"end":{"line":189,"column":8}}]},"11":{"line":190,"type":"if","locations":[{"start":{"line":190,"column":12},"end":{"line":190,"column":12}},{"start":{"line":190,"column":12},"end":{"line":190,"column":12}}]},"12":{"line":192,"type":"if","locations":[{"start":{"line":192,"column":15},"end":{"line":192,"column":15}},{"start":{"line":192,"column":15},"end":{"line":192,"column":15}}]},"13":{"line":195,"type":"if","locations":[{"start":{"line":195,"column":15},"end":{"line":195,"column":15}},{"start":{"line":195,"column":15},"end":{"line":195,"column":15}}]},"14":{"line":200,"type":"if","locations":[{"start":{"line":200,"column":12},"end":{"line":200,"column":12}},{"start":{"line":200,"column":12},"end":{"line":200,"column":12}}]},"15":{"line":202,"type":"if","locations":[{"start":{"line":202,"column":15},"end":{"line":202,"column":15}},{"start":{"line":202,"column":15},"end":{"line":202,"column":15}}]},"16":{"line":310,"type":"if","locations":[{"start":{"line":310,"column":8},"end":{"line":310,"column":8}},{"start":{"line":310,"column":8},"end":{"line":310,"column":8}}]}}},
"contracts\\interfaces\\IERC20TransferProxy.sol":{"l":{},"path":"D:\\__Work\\Solidity\\_Project_20220920\\contracts\\interfaces\\IERC20TransferProxy.sol","s":{},"b":{},"f":{},"fnMap":{},"statementMap":{},"branchMap":{}},
"contracts\\interfaces\\ITransferProxy.sol":{"l":{},"path":"D:\\__Work\\Solidity\\_Project_20220920\\contracts\\interfaces\\ITransferProxy.sol","s":{},"b":{},"f":{},"fnMap":{},"statementMap":{},"branchMap":{}},
"contracts\\libraries\\generateHash.sol":{"l":{"21":84,"29":54,"37":27,"52":15},"path":"D:\\__Work\\Solidity\\_Project_20220920\\contracts\\libraries\\generateHash.sol","s":{"1":84,"2":54,"3":27,"4":15},"b":{},"f":{"1":84,"2":54,"3":27,"4":15},"fnMap":{"1":{"name":"getAssetTypeHash","line":20,"loc":{"start":{"line":20,"column":4},"end":{"line":26,"column":4}}},"2":{"name":"getAssetHash","line":28,"loc":{"start":{"line":28,"column":4},"end":{"line":34,"column":4}}},"3":{"name":"getOrderHash","line":36,"loc":{"start":{"line":36,"column":4},"end":{"line":49,"column":4}}},"4":{"name":"getGeneralHash","line":51,"loc":{"start":{"line":51,"column":4},"end":{"line":59,"column":4}}}},"statementMap":{"1":{"start":{"line":21,"column":8},"end":{"line":21,"column":786}},"2":{"start":{"line":29,"column":8},"end":{"line":29,"column":1038}},"3":{"start":{"line":37,"column":8},"end":{"line":37,"column":1293}},"4":{"start":{"line":52,"column":8},"end":{"line":52,"column":1755}}},"branchMap":{}},
"contracts\\mocks\\MERC1155.sol":{"l":{"14":1,"15":1,"16":1,"17":1,"18":1},"path":"D:\\__Work\\Solidity\\_Project_20220920\\contracts\\mocks\\MERC1155.sol","s":{"1":1,"2":1,"3":1,"4":1,"5":1},"b":{},"f":{"1":3,"2":1},"fnMap":{"1":{"name":"constructor","line":10,"loc":{"start":{"line":10,"column":4},"end":{"line":11,"column":4}}},"2":{"name":"mint","line":13,"loc":{"start":{"line":13,"column":4},"end":{"line":19,"column":4}}}},"statementMap":{"1":{"start":{"line":14,"column":8},"end":{"line":14,"column":39}},"2":{"start":{"line":15,"column":8},"end":{"line":15,"column":39}},"3":{"start":{"line":16,"column":8},"end":{"line":16,"column":34}},"4":{"start":{"line":17,"column":8},"end":{"line":17,"column":38}},"5":{"start":{"line":18,"column":8},"end":{"line":18,"column":38}}},"branchMap":{}},
"contracts\\mocks\\MERC20.sol":{"l":{"15":1},"path":"D:\\__Work\\Solidity\\_Project_20220920\\contracts\\mocks\\MERC20.sol","s":{"1":1},"b":{},"f":{"1":3,"2":1},"fnMap":{"1":{"name":"constructor","line":11,"loc":{"start":{"line":8,"column":4},"end":{"line":12,"column":4}}},"2":{"name":"selfMint","line":14,"loc":{"start":{"line":14,"column":4},"end":{"line":16,"column":4}}}},"statementMap":{"1":{"start":{"line":15,"column":8},"end":{"line":15,"column":29}}},"branchMap":{}},
"contracts\\mocks\\MERC721.sol":{"l":{"20":2,"22":2,"23":2,"24":2},"path":"D:\\__Work\\Solidity\\_Project_20220920\\contracts\\mocks\\MERC721.sol","s":{"1":2,"2":2,"3":2,"4":2},"b":{},"f":{"1":3,"2":2},"fnMap":{"1":{"name":"constructor","line":16,"loc":{"start":{"line":13,"column":4},"end":{"line":17,"column":4}}},"2":{"name":"mint","line":19,"loc":{"start":{"line":19,"column":4},"end":{"line":25,"column":4}}}},"statementMap":{"1":{"start":{"line":20,"column":8},"end":{"line":20,"column":28}},"2":{"start":{"line":22,"column":8},"end":{"line":22,"column":47}},"3":{"start":{"line":23,"column":8},"end":{"line":23,"column":39}},"4":{"start":{"line":24,"column":8},"end":{"line":24,"column":24}}},"branchMap":{}},
"contracts\\models\\OrderModel.sol":{"l":{"72":30,"73":29},"path":"D:\\__Work\\Solidity\\_Project_20220920\\contracts\\models\\OrderModel.sol","s":{"1":30,"2":29},"b":{"1":[29,1],"2":[28,1]},"f":{"1":30},"fnMap":{"1":{"name":"orderValidation","line":71,"loc":{"start":{"line":71,"column":4},"end":{"line":74,"column":4}}}},"statementMap":{"1":{"start":{"line":72,"column":8},"end":{"line":72,"column":88}},"2":{"start":{"line":73,"column":8},"end":{"line":73,"column":82}}},"branchMap":{"1":{"line":72,"type":"if","locations":[{"start":{"line":72,"column":8},"end":{"line":72,"column":8}},{"start":{"line":72,"column":8},"end":{"line":72,"column":8}}]},"2":{"line":73,"type":"if","locations":[{"start":{"line":73,"column":8},"end":{"line":73,"column":8}},{"start":{"line":73,"column":8},"end":{"line":73,"column":8}}]}}},
"contracts\\OrderValidator.sol":{"l":{"20":3,"27":28,"29":27,"31":27,"32":0,"37":27,"38":27,"39":27,"41":27,"42":1},"path":"D:\\__Work\\Solidity\\_Project_20220920\\contracts\\OrderValidator.sol","s":{"1":3,"2":28,"3":27,"4":27,"5":0,"6":27,"7":27,"8":27,"9":27,"10":1},"b":{"1":[27,1],"2":[0,27],"3":[0,0],"4":[27,0],"5":[1,26]},"f":{"1":3,"2":28},"fnMap":{"1":{"name":"__OrderValidator_init","line":19,"loc":{"start":{"line":19,"column":4},"end":{"line":21,"column":4}}},"2":{"name":"validate","line":23,"loc":{"start":{"line":23,"column":4},"end":{"line":46,"column":4}}}},"statementMap":{"1":{"start":{"line":20,"column":8},"end":{"line":20,"column":44}},"2":{"start":{"line":27,"column":8},"end":{"line":27,"column":77}},"3":{"start":{"line":29,"column":8},"end":{"line":29,"column":76}},"4":{"start":{"line":31,"column":8},"end":{"line":31,"column":1252}},"5":{"start":{"line":32,"column":12},"end":{"line":32,"column":1301}},"6":{"start":{"line":37,"column":12},"end":{"line":37,"column":26}},"7":{"start":{"line":38,"column":12},"end":{"line":38,"column":1530}},"8":{"start":{"line":39,"column":16},"end":{"line":39,"column":56}},"9":{"start":{"line":41,"column":12},"end":{"line":41,"column":1647}},"10":{"start":{"line":42,"column":16},"end":{"line":42,"column":59}}},"branchMap":{"1":{"line":27,"type":"if","locations":[{"start":{"line":27,"column":8},"end":{"line":27,"column":8}},{"start":{"line":27,"column":8},"end":{"line":27,"column":8}}]},"2":{"line":31,"type":"if","locations":[{"start":{"line":31,"column":8},"end":{"line":31,"column":8}},{"start":{"line":31,"column":8},"end":{"line":31,"column":8}}]},"3":{"line":32,"type":"if","locations":[{"start":{"line":32,"column":12},"end":{"line":32,"column":12}},{"start":{"line":32,"column":12},"end":{"line":32,"column":12}}]},"4":{"line":38,"type":"if","locations":[{"start":{"line":38,"column":12},"end":{"line":38,"column":12}},{"start":{"line":38,"column":12},"end":{"line":38,"column":12}}]},"5":{"line":41,"type":"if","locations":[{"start":{"line":41,"column":12},"end":{"line":41,"column":12}},{"start":{"line":41,"column":12},"end":{"line":41,"column":12}}]}}},
"contracts\\TransferProxy.sol":{"l":{"13":3,"17":2},"path":"D:\\__Work\\Solidity\\_Project_20220920\\contracts\\TransferProxy.sol","s":{"1":3,"2":2},"b":{},"f":{"1":3,"2":2},"fnMap":{"1":{"name":"erc721safeTransferFrom","line":12,"loc":{"start":{"line":12,"column":4},"end":{"line":14,"column":4}}},"2":{"name":"erc1155safeTransferFrom","line":16,"loc":{"start":{"line":16,"column":4},"end":{"line":18,"column":4}}}},"statementMap":{"1":{"start":{"line":13,"column":8},"end":{"line":13,"column":68}},"2":{"start":{"line":17,"column":8},"end":{"line":17,"column":76}}},"branchMap":{}}}
