TN:
SF:D:\__Work\Solidity\_Project_20220920\contracts\AssetMatcher.sol
FN:8,matchAssets
FNF:1
FNH:1
FNDA:27,matchAssets
DA:14,27
DA:15,27
DA:16,27
DA:17,27
DA:19,27
DA:20,4
DA:21,2
DA:23,2
DA:26,23
DA:27,22
DA:28,21
DA:30,1
DA:33,1
LF:13
LH:13
BRDA:19,1,0,4
BRDA:19,1,1,23
BRDA:20,2,0,2
BRDA:20,2,1,2
BRDA:26,3,0,22
BRDA:26,3,1,1
BRDA:27,4,0,21
BRDA:27,4,1,1
BRF:8
BRH:8
end_of_record
TN:
SF:D:\__Work\Solidity\_Project_20220920\contracts\ERC20TransferProxy.sol
FN:10,erc20safeTransferFrom
FNF:1
FNH:1
FNDA:5,erc20safeTransferFrom
DA:11,5
LF:1
LH:1
BRF:0
BRH:0
end_of_record
TN:
SF:D:\__Work\Solidity\_Project_20220920\contracts\ExchangeV2Core.sol
FN:31,initialize
FN:35,cancel
FN:52,matchOrders
FN:71,validateOrders
FN:102,matchAndTransfer
FN:131,validateOrder
FN:144,matchAssets
FN:160,setFillEmitMatch
FN:176,doTransfers
FN:184,doTransfer
FN:218,directPurchase
FN:261,directAcceptBid
FN:304,getPaymentAssetType
FNF:13
FNH:13
FNDA:3,initialize
FNDA:3,cancel
FNDA:19,matchOrders
FNDA:19,validateOrders
FNDA:14,matchAndTransfer
FNDA:30,validateOrder
FNDA:14,matchAssets
FNDA:7,setFillEmitMatch
FNDA:7,doTransfers
FNDA:13,doTransfer
FNDA:1,directPurchase
FNDA:1,directAcceptBid
FNDA:2,getPaymentAssetType
DA:32,3
DA:36,3
DA:37,2
DA:39,1
DA:40,1
DA:42,1
DA:59,19
DA:61,12
DA:77,19
DA:85,18
DA:89,17
DA:93,16
DA:94,12
DA:107,14
DA:109,10
DA:116,8
DA:122,7
DA:123,7
DA:135,30
DA:136,28
DA:148,14
DA:152,14
DA:153,13
DA:157,13
DA:164,7
DA:165,7
DA:167,7
DA:168,7
DA:180,7
DA:181,6
DA:189,13
DA:190,2
DA:191,1
DA:193,5
DA:194,5
DA:196,4
DA:200,4
DA:201,3
DA:203,2
DA:207,2
DA:215,11
DA:222,1
DA:226,1
DA:241,1
DA:256,1
DA:258,1
DA:265,1
DA:269,1
DA:284,1
DA:299,1
DA:301,1
DA:309,2
DA:310,2
DA:311,1
DA:313,1
DA:314,1
DA:316,2
LF:57
LH:57
BRDA:36,1,0,2
BRDA:36,1,1,1
BRDA:37,2,0,1
BRDA:37,2,1,1
BRDA:77,3,0,18
BRDA:77,3,1,1
BRDA:85,4,0,17
BRDA:85,4,1,1
BRDA:89,5,0,16
BRDA:89,5,1,1
BRDA:109,6,0,8
BRDA:109,6,1,2
BRDA:116,7,0,7
BRDA:116,7,1,1
BRDA:152,8,0,13
BRDA:152,8,1,1
BRDA:157,9,0,10
BRDA:157,9,1,3
BRDA:189,10,0,2
BRDA:189,10,1,11
BRDA:190,11,0,1
BRDA:190,11,1,1
BRDA:192,12,0,5
BRDA:192,12,1,6
BRDA:195,13,0,4
BRDA:195,13,1,2
BRDA:200,14,0,3
BRDA:200,14,1,1
BRDA:202,15,0,2
BRDA:202,15,1,0
BRDA:310,16,0,1
BRDA:310,16,1,1
BRF:32
BRH:31
end_of_record
TN:
SF:D:\__Work\Solidity\_Project_20220920\contracts\interfaces\IERC20TransferProxy.sol
FNF:0
FNH:0
LF:0
LH:0
BRF:0
BRH:0
end_of_record
TN:
SF:D:\__Work\Solidity\_Project_20220920\contracts\interfaces\ITransferProxy.sol
FNF:0
FNH:0
LF:0
LH:0
BRF:0
BRH:0
end_of_record
TN:
SF:D:\__Work\Solidity\_Project_20220920\contracts\libraries\generateHash.sol
FN:20,getAssetTypeHash
FN:28,getAssetHash
FN:36,getOrderHash
FN:51,getGeneralHash
FNF:4
FNH:4
FNDA:84,getAssetTypeHash
FNDA:54,getAssetHash
FNDA:27,getOrderHash
FNDA:15,getGeneralHash
DA:21,84
DA:29,54
DA:37,27
DA:52,15
LF:4
LH:4
BRF:0
BRH:0
end_of_record
TN:
SF:D:\__Work\Solidity\_Project_20220920\contracts\mocks\MERC1155.sol
FN:10,constructor
FN:13,mint
FNF:2
FNH:2
FNDA:3,constructor
FNDA:1,mint
DA:14,1
DA:15,1
DA:16,1
DA:17,1
DA:18,1
LF:5
LH:5
BRF:0
BRH:0
end_of_record
TN:
SF:D:\__Work\Solidity\_Project_20220920\contracts\mocks\MERC20.sol
FN:11,constructor
FN:14,selfMint
FNF:2
FNH:2
FNDA:3,constructor
FNDA:1,selfMint
DA:15,1
LF:1
LH:1
BRF:0
BRH:0
end_of_record
TN:
SF:D:\__Work\Solidity\_Project_20220920\contracts\mocks\MERC721.sol
FN:16,constructor
FN:19,mint
FNF:2
FNH:2
FNDA:3,constructor
FNDA:2,mint
DA:20,2
DA:22,2
DA:23,2
DA:24,2
LF:4
LH:4
BRF:0
BRH:0
end_of_record
TN:
SF:D:\__Work\Solidity\_Project_20220920\contracts\models\OrderModel.sol
FN:71,orderValidation
FNF:1
FNH:1
FNDA:30,orderValidation
DA:72,30
DA:73,29
LF:2
LH:2
BRDA:72,1,0,29
BRDA:72,1,1,1
BRDA:73,2,0,28
BRDA:73,2,1,1
BRF:4
BRH:4
end_of_record
TN:
SF:D:\__Work\Solidity\_Project_20220920\contracts\OrderValidator.sol
FN:19,__OrderValidator_init
FN:23,validate
FNF:2
FNH:2
FNDA:3,__OrderValidator_init
FNDA:28,validate
DA:20,3
DA:27,28
DA:29,27
DA:31,27
DA:32,0
DA:37,27
DA:38,27
DA:39,27
DA:41,27
DA:42,1
LF:10
LH:9
BRDA:27,1,0,27
BRDA:27,1,1,1
BRDA:31,2,0,0
BRDA:31,2,1,27
BRDA:32,3,0,0
BRDA:32,3,1,0
BRDA:38,4,0,27
BRDA:38,4,1,0
BRDA:41,5,0,1
BRDA:41,5,1,26
BRF:10
BRH:6
end_of_record
TN:
SF:D:\__Work\Solidity\_Project_20220920\contracts\TransferProxy.sol
FN:12,erc721safeTransferFrom
FN:16,erc1155safeTransferFrom
FNF:2
FNH:2
FNDA:3,erc721safeTransferFrom
FNDA:2,erc1155safeTransferFrom
DA:13,3
DA:17,2
LF:2
LH:2
BRF:0
BRH:0
end_of_record
